<?xml version="1.0" encoding="UTF-8"?>
<!-- Generated by org.testng.reporters.JUnitReportReporter -->
<testsuite hostname="Nikunj-PC" name="Interview.toolSqa.NewTest" tests="1" failures="0" timestamp="5 Mar 2016 15:59:03 GMT" time="0.023" errors="0">
  <testcase name="BA" time="0.023" classname="Interview.toolSqa.NewTest"/>
</testsuite> <!-- Interview.toolSqa.NewTest -->
