<?xml version="1.0" encoding="UTF-8"?>
<!-- Generated by org.testng.reporters.JUnitReportReporter -->
<testsuite hostname="Nikunj-PC" name="Interview.toolSqa.DataProviderTest" tests="6" failures="0" timestamp="5 Mar 2016 15:54:59 GMT" time="0.029" errors="0">
  <testcase name="B" time="0.003" classname="Interview.toolSqa.DataProviderTest"/>
  <testcase name="f" time="0.003" classname="Interview.toolSqa.DataProviderTest"/>
  <testcase name="f" time="0.001" classname="Interview.toolSqa.DataProviderTest"/>
  <testcase name="f" time="0.003" classname="Interview.toolSqa.DataProviderTest"/>
  <testcase name="B" time="0.008" classname="Interview.toolSqa.DataProviderTest"/>
  <testcase name="B" time="0.011" classname="Interview.toolSqa.DataProviderTest"/>
</testsuite> <!-- Interview.toolSqa.DataProviderTest -->
