<?xml version="1.0" encoding="UTF-8"?>
<!-- Generated by org.testng.reporters.JUnitReportReporter -->
<testsuite hostname="Nikunj-PC" name="dataProviderPracticeClasses.DataProviderTest" tests="1" failures="0" timestamp="5 Mar 2016 15:27:51 GMT" time="0.020" errors="0">
  <testcase name="f" time="0.020" classname="dataProviderPracticeClasses.DataProviderTest"/>
</testsuite> <!-- dataProviderPracticeClasses.DataProviderTest -->
