<?xml version="1.0" encoding="UTF-8"?>
<!-- Generated by org.testng.reporters.JUnitReportReporter -->
<testsuite hostname="Nikunj-PC" name="Interview.toolSqa.AppTest" tests="1" failures="0" timestamp="5 Mar 2016 11:32:27 GMT" time="0.004" errors="0">
  <testcase name="testApp" time="0.004" classname="Interview.toolSqa.AppTest"/>
</testsuite> <!-- Interview.toolSqa.AppTest -->
